<?xml version="1.0" encoding="UTF-8"?>
<testsuite xmlns:xsi="http://www.w3.org/2001/XMLSchema-instance" xsi:noNamespaceSchemaLocation="https://maven.apache.org/surefire/maven-surefire-plugin/xsd/surefire-test-report.xsd" version="3.0.1" name="TestSuite" time="12.09" tests="2" errors="0" skipped="0" failures="0">
  <properties>
[...]
</properties>
  <testcase name="runScenario[&quot;General-Verify the user can able to submit the form successfully&quot;, &quot;Submission of web page form&quot;](1)" classname="runners.TestRunner" time="4.663">
    <system-out><![CDATA[
@WebFormPage1
Scenario: General-Verify the user can able to submit the form successfully # src/test/resources/features/WebFromSubmission.feature:4
Login works
Chrome browser used for execution....
INFO  [Log]: Application openend successfully 
  Given I open the application in the "chrome" browser                     # stepDefinitions.ApplicationStepDefinition.launchApplication(java.lang.String)
INFO  [Log]: Entered the text SampleText in the field TextInput 
  Then I enter "SampleText" in the "TextInput" input field                 # stepDefinitions.ApplicationStepDefinition.enterValue_TextField(java.lang.String,java.lang.String)
INFO  [Log]: Entered the text Password in the field password 
  Then I enter "Password" in the "password" input field                    # stepDefinitions.ApplicationStepDefinition.enterValue_TextField(java.lang.String,java.lang.String)
INFO  [Log]: Selected the value One from drop down Select 
  Then I select the "One" from the "Select" dropdown field                 # stepDefinitions.ApplicationStepDefinition.selectvalue_DropdownField(java.lang.String,java.lang.String)
INFO  [Log]: Entered the text San Franciso in the field DataList 
  Then I enter "San Franciso" in the "DataList" input field                # stepDefinitions.ApplicationStepDefinition.enterValue_TextField(java.lang.String,java.lang.String)
INFO  [Log]: Successfully clicked on Submit button 
  Then I click on "Submit" button                                          # stepDefinitions.ApplicationStepDefinition.clickOnButton(java.lang.String)
INFO  [Log]: Verifed the success message: Received! 
  And I verify the "Received!" success message is displayed                # stepDefinitions.ApplicationStepDefinition.verifySuccessMessage(java.lang.String)
Entered into hooks
Chrome browser used for execution....
Chrome browser used for execution....
ChromeDriver: chrome on windows (bbe649d90e2cbd94361feb14f5afd316)
Chrome browser used for execution....
]]></system-out>
    <system-err><![CDATA[log4j:WARN Continuable parsing error 5 and column 70
log4j:WARN Attribute "xmlns:log4j" with value "https://jakarta.apache.org/log4j/" must have a value of "http://jakarta.apache.org/log4j/".
Apr 09, 2025 11:41:59 AM org.openqa.selenium.devtools.CdpVersionFinder findNearestMatch
WARNING: Unable to find an exact match for CDP version 133, returning the closest version; found: 129; Please update to a Selenium version that supports CDP version 133
]]></system-err>
  </testcase>
  <testcase name="runScenario[&quot;DataTable-Verify the user can able to submit the form successfully using datatable&quot;, &quot;Submission of web page form&quot;](2)" classname="runners.TestRunner" time="2.822">
    <system-out><![CDATA[
@WebFormPage2
Scenario: DataTable-Verify the user can able to submit the form successfully using datatable # src/test/resources/features/WebFromSubmission.feature:15
Login works
Chrome browser used for execution....
INFO  [Log]: Application openend successfully 
  Given I open the application in the "chrome" browser                                       # stepDefinitions.ApplicationStepDefinition.launchApplication(java.lang.String)
SampleText
  Then I enter the below values in the webpage                                               # stepDefinitions.ApplicationStepDefinition.fill_WebPage(io.cucumber.datatable.DataTable)
    | TextInput  | password | SelectDropdown | DataList    | DatePicker |
    | SampleText | Password | One            | San Fanciso | 12/04/2025 |
  And I get the default value from the "Readonly input" field                                # stepDefinitions.ApplicationStepDefinition.getDefaultValue_WebPage(java.lang.String)
INFO  [Log]: Successfully clicked on Submit button 
  Then I click on "Submit" button                                                            # stepDefinitions.ApplicationStepDefinition.clickOnButton(java.lang.String)
INFO  [Log]: Verifed the success message: Received! 
  And I verify the "Received!" success message is displayed                                  # stepDefinitions.ApplicationStepDefinition.verifySuccessMessage(java.lang.String)
Entered into hooks
Chrome browser used for execution....
Chrome browser used for execution....
ChromeDriver: chrome on windows (1bdb2d2c9c5ca53d49e92dedc4e5e40b)
Chrome browser used for execution....
]]></system-out>
    <system-err><![CDATA[log4j:WARN Continuable parsing error 5 and column 70
log4j:WARN Attribute "xmlns:log4j" with value "https://jakarta.apache.org/log4j/" must have a value of "http://jakarta.apache.org/log4j/".
Apr 09, 2025 11:42:02 AM org.openqa.selenium.devtools.CdpVersionFinder findNearestMatch
WARNING: Unable to find an exact match for CDP version 133, returning the closest version; found: 129; Please update to a Selenium version that supports CDP version 133
]]></system-err>
  </testcase>
</testsuite>