<?xml version="1.0" encoding="UTF-8"?>
<testng-results ignored="0" total="2" passed="2" failed="0" skipped="0">
  <reporter-output>
  </reporter-output>
  <suite started-at="2025-04-09T11:41:55 BST" name="UI Autoamtion" finished-at="2025-04-09T11:42:04 BST" duration-ms="9340">
    <groups>
      <group name="cucumber">
        <method signature="AbstractTestNGCucumberTests.runScenario(io.cucumber.testng.PickleWrapper,io.cucumber.testng.FeatureWrapper)[pri:0, instance:runners.TestRunner@38cedb7d]" name="runScenario" class="io.cucumber.testng.AbstractTestNGCucumberTests"/>
      </group> <!-- cucumber -->
    </groups>
    <test started-at="2025-04-09T11:41:55 BST" name="Regression" finished-at="2025-04-09T11:42:04 BST" duration-ms="9340">
      <class name="runners.TestRunner">
        <test-method is-config="true" signature="setUpClass(org.testng.ITestContext)[pri:0, instance:runners.TestRunner@38cedb7d]" started-at="2025-04-09T11:41:55 BST" name="setUpClass" finished-at="2025-04-09T11:41:56 BST" duration-ms="1209" status="PASS">
          <params>
            <param index="0">
              <value>
                <![CDATA[org.testng.TestRunner@47a90d2a]]>
              </value>
            </param>
          </params>
          <reporter-output>
          </reporter-output>
        </test-method> <!-- setUpClass -->
        <test-method signature="runScenario(io.cucumber.testng.PickleWrapper,io.cucumber.testng.FeatureWrapper)[pri:0, instance:runners.TestRunner@38cedb7d]" started-at="2025-04-09T11:41:56 BST" name="runScenario" description="Runs Cucumber Scenarios" data-provider="scenarios" finished-at="2025-04-09T11:42:01 BST" duration-ms="4663" status="PASS">
          <params>
            <param index="0">
              <value>
                <![CDATA["General-Verify the user can able to submit the form successfully"]]>
              </value>
            </param>
            <param index="1">
              <value>
                <![CDATA["Submission of web page form"]]>
              </value>
            </param>
          </params>
          <reporter-output>
          </reporter-output>
        </test-method> <!-- runScenario -->
        <test-method signature="runScenario(io.cucumber.testng.PickleWrapper,io.cucumber.testng.FeatureWrapper)[pri:0, instance:runners.TestRunner@38cedb7d]" started-at="2025-04-09T11:42:01 BST" name="runScenario" description="Runs Cucumber Scenarios" data-provider="scenarios" finished-at="2025-04-09T11:42:04 BST" duration-ms="2830" status="PASS">
          <params>
            <param index="0">
              <value>
                <![CDATA["DataTable-Verify the user can able to submit the form successfully using datatable"]]>
              </value>
            </param>
            <param index="1">
              <value>
                <![CDATA["Submission of web page form"]]>
              </value>
            </param>
          </params>
          <reporter-output>
          </reporter-output>
        </test-method> <!-- runScenario -->
        <test-method is-config="true" signature="tearDownClass()[pri:0, instance:runners.TestRunner@38cedb7d]" started-at="2025-04-09T11:42:04 BST" name="tearDownClass" finished-at="2025-04-09T11:42:04 BST" duration-ms="558" status="PASS">
          <reporter-output>
          </reporter-output>
        </test-method> <!-- tearDownClass -->
      </class> <!-- runners.TestRunner -->
    </test> <!-- Regression -->
  </suite> <!-- UI Autoamtion -->
</testng-results>
